BUILD: Examining c:\users\user\downloads\chipsec-1.3.5\chipsec-1.3.5\drivers\win7 directory for files to compile.
1>Compiling and Linking c:\users\user\downloads\chipsec-1.3.5\chipsec-1.3.5\drivers\win7 *************
1>'nmake.exe /nologo BUILDMSG=Stop. -i BUILD_PASS=PASS2 LINKONLY=1 NOPASS0=1 MAKEDIR_RELATIVE_TO_BASEDIR='
1>c:\users\user\downloads\chipsec-1.3.5\chipsec-1.3.5\drivers\win7: TARGETPATH is .\sys
1> rc.exe -l 409 -DSXS_PROCESSOR_ARCHITECTURE="""IA64"""  -DSXS_TARGET="""chipsec_hlpr.sys"""   -DSYSTEM_COMPATIBLE_ASSEMBLY_NAME="""Microsoft.Windows.SystemCompatible"""  -DLSYSTEM_COMPATIBLE_ASSEMBLY_NAME=L"""Microsoft.Windows.SystemCompatible"""   -DSXS_ASSEMBLY_VERSION=""""""  /r /fo c:\users\user\downloads\chipsec-1.3.5\chipsec-1.3.5\drivers\win7\objchk_win7_ia64\ia64\chipsec_hlpr.res /D_WIN64 /D_IA64_=1 /DIA64=1 /DNO_HW_DETECT /D_MSC_EXTENSIONS   /DCONDITION_HANDLING=1 /DNT_UP=1  /DNT_INST=0 /DWIN32=100 /D_NT1X_=100 /DWINNT=1 /D_WIN32_WINNT=0x0601 /DWINVER=0x0601 /D_WIN32_IE=0x0800    /DWIN32_LEAN_AND_MEAN=1 /D_MERCED_A0_=1  /DDEVL=1 /DDBG=1 /D__BUILDMACHINE__=WinDDK /DFPO=0   /D_DLL=1 /DNDEBUG  /DDEPRECATE_DDK_FUNCTIONS=1 /DMSC_NOOPT /DNTDDI_VERSION=0x06010000   /Iinclude /Ic:\users\user\downloads\chipsec-1.3.5\chipsec-1.3.5\drivers\win7\objchk_win7_ia64\ia64 /IC:\WinDDK\7600.16385.1\inc\api /IC:\WinDDK\7600.16385.1\inc\api /IC:\WinDDK\7600.16385.1\inc\ddk /IC:\WinDDK\7600.16385.1\inc\ddk /IC:\WinDDK\7600.16385.1\inc\crt .\chipsec_hlpr.rc
1>Microsoft (R) Windows (R) Resource Compiler Version 6.1.6908.0
1>Copyright (C) Microsoft Corporation.  All rights reserved.
1> c:\winddk\7600.16385.1\bin\x86\ia64\cl @c:\users\user\downloads\chipsec-1.3.5\chipsec-1.3.5\drivers\win7\objchk_win7_ia64\ia64\cl.rsp
1>Microsoft (R) C/C++ Optimizing Compiler Version 15.00.30729.207 for Itanium
1>Copyright (C) Microsoft Corporation.  All rights reserved.
1>cl /Fo"c:\users\user\downloads\chipsec-1.3.5\chipsec-1.3.5\drivers\win7\objchk_win7_ia64\ia64/"
1> /FC
1> /Iia64
1> /I.
1> /Iinclude
1> /Ic:\users\user\downloads\chipsec-1.3.5\chipsec-1.3.5\drivers\win7\objchk_win7_ia64\ia64
1> /IC:\WinDDK\7600.16385.1\inc\api
1> /IC:\WinDDK\7600.16385.1\inc\api
1> /IC:\WinDDK\7600.16385.1\inc\ddk
1> /IC:\WinDDK\7600.16385.1\inc\ddk
1> /IC:\WinDDK\7600.16385.1\inc\crt
1> /D_WIN64
1> /D_IA64_=1
1> /DIA64=1
1> /DNO_HW_DETECT
1> /D_MSC_EXTENSIONS
1> /DCONDITION_HANDLING=1
1> /DNT_UP=1
1> /DNT_INST=0
1> /DWIN32=100
1> /D_NT1X_=100
1> /DWINNT=1
1> /D_WIN32_WINNT=0x0601
1> /DWINVER=0x0601
1> /D_WIN32_IE=0x0800
1> /DWIN32_LEAN_AND_MEAN=1
1> /D_MERCED_A0_=1
1> /DDEVL=1
1> /DDBG=1
1> /D__BUILDMACHINE__=WinDDK
1> /DFPO=0
1> /D_DLL=1
1> /DNDEBUG
1> /DDEPRECATE_DDK_FUNCTIONS=1
1> /DMSC_NOOPT
1> /DNTDDI_VERSION=0x06010000
1> /c
1> /Zc:wchar_t-
1> /Zl
1> /Zp8
1> /Gy
1> -cbstring
1> /W3
1> /EHs-c-
1> /GR-
1> /GF
1> /GS
1> /Z7
1> /Od
1> /Oi
1> /QIPF_fr32
1> /QIPF_noPIC
1> /GL
1> /Z7
1> /DKMDF_MAJOR_VERSION_STRING=01
1> /DKMDF_MINOR_VERSION_STRING=009
1> /typedil-
1> /wd4603
1> /wd4627
1> /FIC:\WinDDK\7600.16385.1\inc\api\warning.h
1> .\driver.c 
1>driver.c
1>c:\users\user\downloads\chipsec-1.3.5\chipsec-1.3.5\drivers\win7\include\cpu.h(41) : fatal error C1189: #error :  "Architecture not supported"
1>errors in directory c:\users\user\downloads\chipsec-1.3.5\chipsec-1.3.5\drivers\win7
1>c:\users\user\downloads\chipsec-1.3.5\chipsec-1.3.5\drivers\win7\include\cpu.h(41) : error C1189: #error :  "Architecture not supported"
1> link.exe /out:.\sys\ia64\chipsec_hlpr.sys /machine:ia64 @c:\users\user\downloads\chipsec-1.3.5\chipsec-1.3.5\drivers\win7\objchk_win7_ia64\ia64\lnk.rsp
1>Microsoft (R) Incremental Linker Version 9.00.30729.207
1>Copyright (C) Microsoft Corporation.  All rights reserved.
1>/VERBOSE 
1>/MAP 
1>/MERGE:_PAGE=PAGE 
1>/MERGE:_TEXT=.text 
1>/SECTION:INIT,d 
1>/OPT:REF 
1>/OPT:ICF 
1>/IGNORE:4198,4010,4037,4039,4065,4070,4078,4087,4089,4221,4108,4088,4218,4218,4235 
1>/INCREMENTAL:NO 
1>/release 
1>/NODEFAULTLIB 
1>/WX 
1>/debug 
1>/debugtype:cv,fixup,pdata 
1>/version:6.1 
1>/osversion:6.1 
1>/debugtype:pdata 
1>/pdbcompress 
1>/STACK:0x40000,0x1000 
1>/driver 
1>/base:0x10000 
1>/subsystem:native,6.01 
1>/entry:GsDriverEntry 
1>/out:.\sys\ia64\chipsec_hlpr.sys 
1>c:\users\user\downloads\chipsec-1.3.5\chipsec-1.3.5\drivers\win7\objchk_win7_ia64\ia64\chipsec_hlpr.res 
1>c:\users\user\downloads\chipsec-1.3.5\chipsec-1.3.5\drivers\win7\objchk_win7_ia64\ia64\driver.obj 
1>C:\WinDDK\7600.16385.1\lib\win7\ia64\BufferOverflowK.lib 
1>C:\WinDDK\7600.16385.1\lib\win7\ia64\ntoskrnl.lib 
1>C:\WinDDK\7600.16385.1\lib\win7\ia64\hal.lib 
1>C:\WinDDK\7600.16385.1\lib\win7\ia64\wmilib.lib 
1>C:\WinDDK\7600.16385.1\lib\win7\ia64\wdmsec.lib 
1>Processed /NODEFAULTLIB (suppressing all default libs)
1>Starting pass 1
1>LINK : fatal error LNK1181: cannot open input file 'c:\users\user\downloads\chipsec-1.3.5\chipsec-1.3.5\drivers\win7\objchk_win7_ia64\ia64\driver.obj'
1>link : error LNK1181: cannot open input file 'c:\users\user\downloads\chipsec-1.3.5\chipsec-1.3.5\drivers\win7\objchk_win7_ia64\ia64\driver.obj'
